<?xml version="1.0" encoding="UTF-8"?>
<testsuite xmlns:xsi="http://www.w3.org/2001/XMLSchema-instance" xsi:schemaLocation="https://maven.apache.org/surefire/maven-surefire-plugin/xsd/surefire-test-report.xsd" name="TestSuite" time="153.882" tests="4" errors="0" skipped="0" failures="0">
  <properties>
[...]
</properties>
  <testcase name="homeAssertionTest" classname="functionalTest.HomePageTest" time="21.28"/>
  <testcase name="loginTest" classname="functionalTest.HomeTest" time="55.064"/>
  <testcase name="loginTest" classname="functionalTest.HomeTest" time="38.92"/>
  <testcase name="loginTest" classname="functionalTest.HomeTest" time="35.434"/>
</testsuite>