<?xml version="1.0" encoding="UTF-8"?>
<testng-results ignored="0" total="4" passed="4" failed="0" skipped="0">
  <reporter-output>
  </reporter-output>
  <suite started-at="2022-06-03T12:55:54 IST" name="Suite" finished-at="2022-06-03T12:58:26 IST" duration-ms="151804">
    <groups>
    </groups>
    <test started-at="2022-06-03T12:55:54 IST" name="Test" finished-at="2022-06-03T12:56:15 IST" duration-ms="21349">
      <class name="functionalTest.HomePageTest">
        <test-method signature="homeAssertionTest()[pri:0, instance:functionalTest.HomePageTest@74cec793]" started-at="2022-06-03T12:55:54 IST" name="homeAssertionTest" finished-at="2022-06-03T12:56:15 IST" duration-ms="21275" status="PASS">
          <reporter-output>
          </reporter-output>
        </test-method> <!-- homeAssertionTest -->
        <test-method is-config="true" signature="teardown()[pri:0, instance:functionalTest.HomePageTest@74cec793]" started-at="2022-06-03T12:56:15 IST" name="teardown" finished-at="2022-06-03T12:56:15 IST" duration-ms="38" status="PASS">
          <reporter-output>
          </reporter-output>
        </test-method> <!-- teardown -->
      </class> <!-- functionalTest.HomePageTest -->
    </test> <!-- Test -->
    <test started-at="2022-06-03T12:56:16 IST" name="Test2" finished-at="2022-06-03T12:58:26 IST" duration-ms="129533">
      <class name="functionalTest.HomeTest">
        <test-method signature="loginTest(java.lang.String,java.lang.String)[pri:0, instance:functionalTest.HomeTest@c9413d8]" started-at="2022-06-03T12:56:16 IST" name="loginTest" data-provider="getdata" finished-at="2022-06-03T12:57:11 IST" duration-ms="55036" status="PASS">
          <params>
            <param index="0">
              <value>
                <![CDATA[Jotaro@joestar.com]]>
              </value>
            </param>
            <param index="1">
              <value>
                <![CDATA[JOJO@3333]]>
              </value>
            </param>
          </params>
          <reporter-output>
          </reporter-output>
        </test-method> <!-- loginTest -->
        <test-method signature="loginTest(java.lang.String,java.lang.String)[pri:0, instance:functionalTest.HomeTest@c9413d8]" started-at="2022-06-03T12:57:11 IST" name="loginTest" data-provider="getdata" finished-at="2022-06-03T12:57:50 IST" duration-ms="38949" status="PASS">
          <params>
            <param index="0">
              <value>
                <![CDATA[Jonathan@joestar.com]]>
              </value>
            </param>
            <param index="1">
              <value>
                <![CDATA[JOJO@1111]]>
              </value>
            </param>
          </params>
          <reporter-output>
          </reporter-output>
        </test-method> <!-- loginTest -->
        <test-method signature="loginTest(java.lang.String,java.lang.String)[pri:0, instance:functionalTest.HomeTest@c9413d8]" started-at="2022-06-03T12:57:50 IST" name="loginTest" data-provider="getdata" finished-at="2022-06-03T12:58:26 IST" duration-ms="35429" status="PASS">
          <params>
            <param index="0">
              <value>
                <![CDATA[Joseph@joestar.com]]>
              </value>
            </param>
            <param index="1">
              <value>
                <![CDATA[JOJO@2222]]>
              </value>
            </param>
          </params>
          <reporter-output>
          </reporter-output>
        </test-method> <!-- loginTest -->
        <test-method is-config="true" signature="teardown()[pri:0, instance:functionalTest.HomeTest@c9413d8]" started-at="2022-06-03T12:58:26 IST" name="teardown" finished-at="2022-06-03T12:58:26 IST" duration-ms="111" status="PASS">
          <reporter-output>
          </reporter-output>
        </test-method> <!-- teardown -->
      </class> <!-- functionalTest.HomeTest -->
    </test> <!-- Test2 -->
  </suite> <!-- Suite -->
</testng-results>
