<?xml version="1.0" encoding="UTF-8"?>
<!-- Generated by org.testng.reporters.JUnitXMLReporter -->
<testsuite ignored="1" hostname="LAPTOP-FB3E7NT5" failures="0" tests="1" name="Default test" time="11.549" errors="0" timestamp="2022-05-24T16:25:01 IST">
  <testcase classname="functionalTests.YahooTest" name="signuptest" time="11.489"/>
  <testcase classname="functionalTests.YahooTest" name="logintest" time="0.0">
    <ignored/>
  </testcase> <!-- logintest -->
</testsuite> <!-- Default test -->
