<?xml version="1.0" encoding="UTF-8"?>
<!-- Generated by org.testng.reporters.JUnitXMLReporter -->
<testsuite ignored="0" hostname="LAPTOP-FB3E7NT5" failures="0" tests="6" name="First Test" time="0.102" errors="0" timestamp="2022-05-16T13:28:02 IST">
  <testcase classname="tests.AndroidTest" name="androidQuitTest" time="0.011"/>
  <testcase classname="tests.AndroidTest" name="androidScrollTest" time="0.002"/>
  <testcase classname="tests.AndroidTest" name="androidZoomTest" time="0.003"/>
  <testcase classname="tests.WebTest" name="webLoginTest" time="0.001"/>
  <testcase classname="tests.WebTest" name="webLogoutTest" time="0.002"/>
  <testcase classname="tests.WebTest" name="webSearchTest" time="0.002"/>
</testsuite> <!-- First Test -->
