<?xml version="1.0" encoding="UTF-8"?>
<testng-results ignored="0" total="6" passed="6" failed="0" skipped="0">
  <reporter-output>
  </reporter-output>
  <suite started-at="2022-05-16T13:28:02 IST" name="First Suite" finished-at="2022-05-16T13:28:02 IST" duration-ms="102">
    <groups>
    </groups>
    <test started-at="2022-05-16T13:28:02 IST" name="First Test" finished-at="2022-05-16T13:28:02 IST" duration-ms="102">
      <class name="tests.AndroidTest">
        <test-method signature="androidQuitTest()[pri:0, instance:tests.AndroidTest@3c130745]" started-at="2022-05-16T13:28:02 IST" name="androidQuitTest" finished-at="2022-05-16T13:28:02 IST" duration-ms="11" status="PASS">
          <reporter-output>
          </reporter-output>
        </test-method> <!-- androidQuitTest -->
        <test-method signature="androidScrollTest()[pri:0, instance:tests.AndroidTest@3c130745]" started-at="2022-05-16T13:28:02 IST" name="androidScrollTest" finished-at="2022-05-16T13:28:02 IST" duration-ms="2" status="PASS">
          <reporter-output>
          </reporter-output>
        </test-method> <!-- androidScrollTest -->
        <test-method signature="androidZoomTest()[pri:0, instance:tests.AndroidTest@3c130745]" started-at="2022-05-16T13:28:02 IST" name="androidZoomTest" finished-at="2022-05-16T13:28:02 IST" duration-ms="3" status="PASS">
          <reporter-output>
          </reporter-output>
        </test-method> <!-- androidZoomTest -->
      </class> <!-- tests.AndroidTest -->
      <class name="tests.WebTest">
        <test-method signature="webLoginTest()[pri:0, instance:tests.WebTest@17046283]" started-at="2022-05-16T13:28:02 IST" name="webLoginTest" finished-at="2022-05-16T13:28:02 IST" duration-ms="1" status="PASS">
          <reporter-output>
          </reporter-output>
        </test-method> <!-- webLoginTest -->
        <test-method signature="webLogoutTest()[pri:0, instance:tests.WebTest@17046283]" started-at="2022-05-16T13:28:02 IST" name="webLogoutTest" finished-at="2022-05-16T13:28:02 IST" duration-ms="2" status="PASS">
          <reporter-output>
          </reporter-output>
        </test-method> <!-- webLogoutTest -->
        <test-method signature="webSearchTest()[pri:0, instance:tests.WebTest@17046283]" started-at="2022-05-16T13:28:02 IST" name="webSearchTest" finished-at="2022-05-16T13:28:02 IST" duration-ms="2" status="PASS">
          <reporter-output>
          </reporter-output>
        </test-method> <!-- webSearchTest -->
      </class> <!-- tests.WebTest -->
    </test> <!-- First Test -->
  </suite> <!-- First Suite -->
</testng-results>
