<?xml version="1.0" encoding="UTF-8"?>
<testng-results ignored="0" total="1" passed="1" failed="0" skipped="0">
  <reporter-output>
  </reporter-output>
  <suite started-at="2022-06-24T18:49:09 IST" name="Default suite" finished-at="2022-06-24T18:49:27 IST" duration-ms="17117">
    <groups>
    </groups>
    <test started-at="2022-06-24T18:49:09 IST" name="Default test" finished-at="2022-06-24T18:49:27 IST" duration-ms="17117">
      <class name="com.qa.tests.NewHttpClientGet">
        <test-method signature="getTest()[pri:0, instance:com.qa.tests.NewHttpClientGet@49dc7102]" started-at="2022-06-24T18:49:10 IST" name="getTest" finished-at="2022-06-24T18:49:27 IST" duration-ms="17079" status="PASS">
          <reporter-output>
          </reporter-output>
        </test-method> <!-- getTest -->
      </class> <!-- com.qa.tests.NewHttpClientGet -->
    </test> <!-- Default test -->
  </suite> <!-- Default suite -->
</testng-results>
