<?xml version="1.0" encoding="UTF-8"?>
<testng-results ignored="0" total="1" passed="1" failed="0" skipped="0">
  <reporter-output>
  </reporter-output>
  <suite started-at="2022-06-24T20:00:14 IST" name="Default suite" finished-at="2022-06-24T20:00:14 IST" duration-ms="100">
    <groups>
    </groups>
    <test started-at="2022-06-24T20:00:14 IST" name="Default test" finished-at="2022-06-24T20:00:14 IST" duration-ms="100">
      <class name="com.qa.tests.NewHttpClientGet">
        <test-method signature="getTest()[pri:0, instance:com.qa.tests.NewHttpClientGet@77eca502]" started-at="2022-06-24T20:00:14 IST" name="getTest" finished-at="2022-06-24T20:00:14 IST" duration-ms="9" status="PASS">
          <reporter-output>
          </reporter-output>
        </test-method> <!-- getTest -->
      </class> <!-- com.qa.tests.NewHttpClientGet -->
    </test> <!-- Default test -->
  </suite> <!-- Default suite -->
</testng-results>
