<?xml version="1.0" encoding="UTF-8"?>
<!-- Generated by org.testng.reporters.JUnitXMLReporter -->
<testsuite ignored="0" hostname="LAPTOP-FB3E7NT5" failures="0" tests="9" name="Surefire test" time="0.116" errors="0" timestamp="2022-05-16T20:18:46 IST">
  <testcase classname="tests.AndroidTest" name="androidQuitTest" time="0.007"/>
  <testcase classname="tests.AndroidTest" name="androidScrollTest" time="0.001"/>
  <testcase classname="tests.AndroidTest" name="androidZoomTest" time="0.001"/>
  <testcase classname="tests.APITest" name="apiDeleteTest" time="0.0"/>
  <testcase classname="tests.APITest" name="apiGetTest" time="0.001"/>
  <testcase classname="tests.APITest" name="apiPostTest" time="0.002"/>
  <testcase classname="tests.WebTest" name="webLoginTest" time="0.002"/>
  <testcase classname="tests.WebTest" name="webLogoutTest" time="0.0"/>
  <testcase classname="tests.WebTest" name="webSearchTest" time="0.0"/>
</testsuite> <!-- Surefire test -->
