<?xml version="1.0" encoding="UTF-8"?>
<testng-results ignored="0" total="4" passed="4" failed="0" skipped="0">
  <reporter-output>
  </reporter-output>
  <suite started-at="2022-06-21T20:33:43 IST" name="Suite" finished-at="2022-06-21T20:34:39 IST" duration-ms="55698">
    <groups>
    </groups>
    <test started-at="2022-06-21T20:33:43 IST" name="Test" finished-at="2022-06-21T20:33:54 IST" duration-ms="10577">
      <class name="functionalTest.HomePageTest">
        <test-method signature="homeAssertionTest()[pri:0, instance:functionalTest.HomePageTest@c65a5ef]" started-at="2022-06-21T20:33:43 IST" name="homeAssertionTest" finished-at="2022-06-21T20:33:53 IST" duration-ms="10350" status="PASS">
          <reporter-output>
          </reporter-output>
        </test-method> <!-- homeAssertionTest -->
        <test-method is-config="true" signature="teardown()[pri:0, instance:functionalTest.HomePageTest@c65a5ef]" started-at="2022-06-21T20:33:53 IST" name="teardown" finished-at="2022-06-21T20:33:54 IST" duration-ms="189" status="PASS">
          <reporter-output>
          </reporter-output>
        </test-method> <!-- teardown -->
      </class> <!-- functionalTest.HomePageTest -->
    </test> <!-- Test -->
    <test started-at="2022-06-21T20:33:54 IST" name="Test2" finished-at="2022-06-21T20:34:39 IST" duration-ms="44474">
      <class name="functionalTest.HomeTest">
        <test-method signature="loginTest(java.lang.String,java.lang.String)[pri:0, instance:functionalTest.HomeTest@3b9d6699]" started-at="2022-06-21T20:33:54 IST" name="loginTest" data-provider="getdata" finished-at="2022-06-21T20:34:07 IST" duration-ms="12899" status="PASS">
          <params>
            <param index="0">
              <value>
                <![CDATA[Jotaro@joestar.com]]>
              </value>
            </param>
            <param index="1">
              <value>
                <![CDATA[JOJO@3333]]>
              </value>
            </param>
          </params>
          <reporter-output>
          </reporter-output>
        </test-method> <!-- loginTest -->
        <test-method signature="loginTest(java.lang.String,java.lang.String)[pri:0, instance:functionalTest.HomeTest@3b9d6699]" started-at="2022-06-21T20:34:07 IST" name="loginTest" data-provider="getdata" finished-at="2022-06-21T20:34:21 IST" duration-ms="13820" status="PASS">
          <params>
            <param index="0">
              <value>
                <![CDATA[Jonathan@joestar.com]]>
              </value>
            </param>
            <param index="1">
              <value>
                <![CDATA[JOJO@1111]]>
              </value>
            </param>
          </params>
          <reporter-output>
          </reporter-output>
        </test-method> <!-- loginTest -->
        <test-method signature="loginTest(java.lang.String,java.lang.String)[pri:0, instance:functionalTest.HomeTest@3b9d6699]" started-at="2022-06-21T20:34:21 IST" name="loginTest" data-provider="getdata" finished-at="2022-06-21T20:34:38 IST" duration-ms="16879" status="PASS">
          <params>
            <param index="0">
              <value>
                <![CDATA[Joseph@joestar.com]]>
              </value>
            </param>
            <param index="1">
              <value>
                <![CDATA[JOJO@2222]]>
              </value>
            </param>
          </params>
          <reporter-output>
          </reporter-output>
        </test-method> <!-- loginTest -->
        <test-method is-config="true" signature="teardown()[pri:0, instance:functionalTest.HomeTest@3b9d6699]" started-at="2022-06-21T20:34:38 IST" name="teardown" finished-at="2022-06-21T20:34:39 IST" duration-ms="866" status="PASS">
          <reporter-output>
          </reporter-output>
        </test-method> <!-- teardown -->
      </class> <!-- functionalTest.HomeTest -->
    </test> <!-- Test2 -->
  </suite> <!-- Suite -->
</testng-results>
