<?xml version="1.0" encoding="UTF-8"?>
<!-- Generated by org.testng.reporters.JUnitXMLReporter -->
<testsuite ignored="1" hostname="LAPTOP-FB3E7NT5" failures="0" tests="4" name="Test" time="120.287" errors="0" timestamp="2022-05-27T17:22:47 IST">
  <testcase classname="functionalTest.HomeTest" name="loginTest" time="39.212"/>
  <testcase classname="functionalTest.HomeTest" name="loginTest" time="22.937"/>
  <testcase classname="functionalTest.HomeTest" name="loginTest" time="30.004"/>
  <testcase classname="functionalTest.HomePageTest" name="homeAssertionTest" time="26.853"/>
  <testcase classname="base.DriverSetup" name="@AfterTest teardown" time="0.0">
    <ignored/>
  </testcase> <!-- @AfterTest teardown -->
</testsuite> <!-- Test -->
