<?xml version="1.0" encoding="UTF-8"?>
<testng-results ignored="1" total="2" passed="1" failed="0" skipped="0">
  <reporter-output>
  </reporter-output>
  <suite started-at="2022-05-24T16:24:49 IST" name="Default suite" finished-at="2022-05-24T16:25:01 IST" duration-ms="11549">
    <groups>
    </groups>
    <test started-at="2022-05-24T16:24:49 IST" name="Default test" finished-at="2022-05-24T16:25:01 IST" duration-ms="11549">
      <class name="functionalTests.YahooTest">
        <test-method signature="signuptest()[pri:0, instance:functionalTests.YahooTest@5b03b9fe]" started-at="2022-05-24T16:24:49 IST" name="signuptest" description="This test is implemented using page factory, all page elements reside in &#039;YahooSignupPageFactory&#039;" finished-at="2022-05-24T16:25:01 IST" duration-ms="11489" status="PASS">
          <reporter-output>
          </reporter-output>
        </test-method> <!-- signuptest -->
      </class> <!-- functionalTests.YahooTest -->
    </test> <!-- Default test -->
  </suite> <!-- Default suite -->
</testng-results>
