<?xml version="1.0" encoding="UTF-8"?>
<!-- Generated by org.testng.reporters.JUnitXMLReporter -->
<testsuite ignored="0" hostname="LAPTOP-FB3E7NT5" failures="0" tests="3" name="Test2" time="44.474" errors="0" timestamp="2022-06-21T20:34:39 IST">
  <testcase classname="functionalTest.HomeTest" name="loginTest" time="12.899"/>
  <testcase classname="functionalTest.HomeTest" name="loginTest" time="13.82"/>
  <testcase classname="functionalTest.HomeTest" name="loginTest" time="16.879"/>
</testsuite> <!-- Test2 -->
