<?xml version="1.0" encoding="UTF-8"?>
<testsuite xmlns:xsi="http://www.w3.org/2001/XMLSchema-instance" xsi:noNamespaceSchemaLocation="https://maven.apache.org/surefire/maven-surefire-plugin/xsd/surefire-test-report-3.0.xsd" version="3.0" name="TestSuite" time="1.16" tests="9" errors="0" skipped="0" failures="0">
  <properties>
[...]
</properties>
  <testcase name="androidQuitTest" classname="tests.AndroidTest" time="0.015">
    <system-out><![CDATA[androidQuitTest
]]></system-out>
    <system-err><![CDATA[SLF4J: Failed to load class "org.slf4j.impl.StaticLoggerBinder".
SLF4J: Defaulting to no-operation (NOP) logger implementation
SLF4J: See http://www.slf4j.org/codes.html#StaticLoggerBinder for further details.
]]></system-err>
  </testcase>
  <testcase name="androidScrollTest" classname="tests.AndroidTest" time="0.001">
    <system-out><![CDATA[androidScrollTest
]]></system-out>
  </testcase>
  <testcase name="androidZoomTest" classname="tests.AndroidTest" time="0.037">
    <system-out><![CDATA[androidZoomTest
]]></system-out>
  </testcase>
  <testcase name="apiDeleteTest" classname="tests.APITest" time="0.001">
    <system-out><![CDATA[apiDeleteTest
]]></system-out>
  </testcase>
  <testcase name="apiGetTest" classname="tests.APITest" time="0.003">
    <system-out><![CDATA[apiGetTest
]]></system-out>
  </testcase>
  <testcase name="apiPostTest" classname="tests.APITest" time="0.006">
    <system-out><![CDATA[apiPostTest
]]></system-out>
  </testcase>
  <testcase name="webLoginTest" classname="tests.WebTest" time="0.001">
    <system-out><![CDATA[webLoginTest
]]></system-out>
  </testcase>
  <testcase name="webLogoutTest" classname="tests.WebTest" time="0.012">
    <system-out><![CDATA[webLogoutTest
]]></system-out>
  </testcase>
  <testcase name="webSearchTest" classname="tests.WebTest" time="0.001">
    <system-out><![CDATA[webSearchTest
]]></system-out>
  </testcase>
</testsuite>