<?xml version="1.0" encoding="UTF-8"?>
<testng-results ignored="0" total="9" passed="9" failed="0" skipped="0">
  <reporter-output>
  </reporter-output>
  <suite started-at="2022-05-16T20:18:45 IST" name="Surefire suite" finished-at="2022-05-16T20:18:45 IST" duration-ms="116">
    <groups>
    </groups>
    <test started-at="2022-05-16T20:18:45 IST" name="Surefire test" finished-at="2022-05-16T20:18:45 IST" duration-ms="116">
      <class name="tests.AndroidTest">
        <test-method signature="androidQuitTest()[pri:0, instance:tests.AndroidTest@544fa968]" started-at="2022-05-16T20:18:45 IST" name="androidQuitTest" finished-at="2022-05-16T20:18:45 IST" duration-ms="7" status="PASS">
          <reporter-output>
          </reporter-output>
        </test-method> <!-- androidQuitTest -->
        <test-method signature="androidScrollTest()[pri:0, instance:tests.AndroidTest@544fa968]" started-at="2022-05-16T20:18:45 IST" name="androidScrollTest" finished-at="2022-05-16T20:18:45 IST" duration-ms="1" status="PASS">
          <reporter-output>
          </reporter-output>
        </test-method> <!-- androidScrollTest -->
        <test-method signature="androidZoomTest()[pri:0, instance:tests.AndroidTest@544fa968]" started-at="2022-05-16T20:18:45 IST" name="androidZoomTest" finished-at="2022-05-16T20:18:45 IST" duration-ms="1" status="PASS">
          <reporter-output>
          </reporter-output>
        </test-method> <!-- androidZoomTest -->
      </class> <!-- tests.AndroidTest -->
      <class name="tests.WebTest">
        <test-method signature="webLoginTest()[pri:0, instance:tests.WebTest@2002fc1d]" started-at="2022-05-16T20:18:45 IST" name="webLoginTest" finished-at="2022-05-16T20:18:45 IST" duration-ms="2" status="PASS">
          <reporter-output>
          </reporter-output>
        </test-method> <!-- webLoginTest -->
        <test-method signature="webLogoutTest()[pri:0, instance:tests.WebTest@2002fc1d]" started-at="2022-05-16T20:18:45 IST" name="webLogoutTest" finished-at="2022-05-16T20:18:45 IST" duration-ms="0" status="PASS">
          <reporter-output>
          </reporter-output>
        </test-method> <!-- webLogoutTest -->
        <test-method signature="webSearchTest()[pri:0, instance:tests.WebTest@2002fc1d]" started-at="2022-05-16T20:18:45 IST" name="webSearchTest" finished-at="2022-05-16T20:18:45 IST" duration-ms="0" status="PASS">
          <reporter-output>
          </reporter-output>
        </test-method> <!-- webSearchTest -->
      </class> <!-- tests.WebTest -->
      <class name="tests.APITest">
        <test-method signature="apiDeleteTest()[pri:0, instance:tests.APITest@6200f9cb]" started-at="2022-05-16T20:18:45 IST" name="apiDeleteTest" finished-at="2022-05-16T20:18:45 IST" duration-ms="0" status="PASS">
          <reporter-output>
          </reporter-output>
        </test-method> <!-- apiDeleteTest -->
        <test-method signature="apiGetTest()[pri:0, instance:tests.APITest@6200f9cb]" started-at="2022-05-16T20:18:45 IST" name="apiGetTest" finished-at="2022-05-16T20:18:45 IST" duration-ms="1" status="PASS">
          <reporter-output>
          </reporter-output>
        </test-method> <!-- apiGetTest -->
        <test-method signature="apiPostTest()[pri:0, instance:tests.APITest@6200f9cb]" started-at="2022-05-16T20:18:45 IST" name="apiPostTest" finished-at="2022-05-16T20:18:45 IST" duration-ms="2" status="PASS">
          <reporter-output>
          </reporter-output>
        </test-method> <!-- apiPostTest -->
      </class> <!-- tests.APITest -->
    </test> <!-- Surefire test -->
  </suite> <!-- Surefire suite -->
</testng-results>
