<?xml version="1.0" encoding="UTF-8"?>
<testng-results ignored="1" total="5" passed="4" failed="0" skipped="0">
  <reporter-output>
  </reporter-output>
  <suite started-at="2022-05-27T17:20:46 IST" name="Suite" finished-at="2022-05-27T17:22:47 IST" duration-ms="120287">
    <groups>
    </groups>
    <test started-at="2022-05-27T17:20:46 IST" name="Test" finished-at="2022-05-27T17:22:47 IST" duration-ms="120287">
      <class name="functionalTest.HomePageTest">
        <test-method signature="homeAssertionTest()[pri:0, instance:functionalTest.HomePageTest@2f9a01c1]" started-at="2022-05-27T17:22:19 IST" name="homeAssertionTest" finished-at="2022-05-27T17:22:45 IST" duration-ms="26853" status="PASS">
          <reporter-output>
          </reporter-output>
        </test-method> <!-- homeAssertionTest -->
      </class> <!-- functionalTest.HomePageTest -->
      <class name="functionalTest.HomeTest">
        <test-method signature="loginTest(java.lang.String,java.lang.String)[pri:0, instance:functionalTest.HomeTest@366ef90e]" started-at="2022-05-27T17:20:46 IST" name="loginTest" data-provider="getdata" finished-at="2022-05-27T17:21:26 IST" duration-ms="39212" status="PASS">
          <params>
            <param index="0">
              <value>
                <![CDATA[Jotaro@joestar.com]]>
              </value>
            </param>
            <param index="1">
              <value>
                <![CDATA[JOJO@3333]]>
              </value>
            </param>
          </params>
          <reporter-output>
          </reporter-output>
        </test-method> <!-- loginTest -->
        <test-method signature="loginTest(java.lang.String,java.lang.String)[pri:0, instance:functionalTest.HomeTest@366ef90e]" started-at="2022-05-27T17:21:26 IST" name="loginTest" data-provider="getdata" finished-at="2022-05-27T17:21:48 IST" duration-ms="22937" status="PASS">
          <params>
            <param index="0">
              <value>
                <![CDATA[Jonathan@joestar.com]]>
              </value>
            </param>
            <param index="1">
              <value>
                <![CDATA[JOJO@1111]]>
              </value>
            </param>
          </params>
          <reporter-output>
          </reporter-output>
        </test-method> <!-- loginTest -->
        <test-method signature="loginTest(java.lang.String,java.lang.String)[pri:0, instance:functionalTest.HomeTest@366ef90e]" started-at="2022-05-27T17:21:48 IST" name="loginTest" data-provider="getdata" finished-at="2022-05-27T17:22:18 IST" duration-ms="30004" status="PASS">
          <params>
            <param index="0">
              <value>
                <![CDATA[Joseph@joestar.com]]>
              </value>
            </param>
            <param index="1">
              <value>
                <![CDATA[JOJO@2222]]>
              </value>
            </param>
          </params>
          <reporter-output>
          </reporter-output>
        </test-method> <!-- loginTest -->
        <test-method is-config="true" signature="teardown()[pri:0, instance:functionalTest.HomeTest@366ef90e]" started-at="2022-05-27T17:22:45 IST" name="teardown" finished-at="2022-05-27T17:22:47 IST" duration-ms="1147" status="PASS">
          <reporter-output>
          </reporter-output>
        </test-method> <!-- teardown -->
      </class> <!-- functionalTest.HomeTest -->
    </test> <!-- Test -->
  </suite> <!-- Suite -->
</testng-results>
