<?xml version="1.0" encoding="UTF-8"?>
<!-- Generated by org.testng.reporters.JUnitXMLReporter -->
<testsuite ignored="0" hostname="LAPTOP-FB3E7NT5" failures="0" tests="4" name="Default test" time="0.094" errors="0" timestamp="2022-06-23T20:22:25 IST">
  <testcase classname="functionalTests.Class1" name="testA" time="0.006"/>
  <testcase classname="functionalTests.Class1" name="testB" time="0.001"/>
  <testcase classname="functionalTests.Class1" name="testC" time="0.001"/>
  <testcase classname="functionalTests.Class1" name="testLogging" time="0.009"/>
</testsuite> <!-- Default test -->
