<?xml version="1.0" encoding="UTF-8"?>
<testng-results ignored="0" total="1" passed="1" failed="0" skipped="0">
  <reporter-output>
  </reporter-output>
  <suite started-at="2022-02-08T19:50:14 IST" name="Default suite" finished-at="2022-02-08T19:50:14 IST" duration-ms="260">
    <groups>
    </groups>
    <test started-at="2022-02-08T19:50:14 IST" name="Default test" finished-at="2022-02-08T19:50:14 IST" duration-ms="260">
      <class name="com.qa.tests.TestClassAA">
        <test-method signature="Test1()[pri:0, instance:com.qa.tests.TestClassAA@2462cb01]" started-at="2022-02-08T19:50:14 IST" name="Test1" finished-at="2022-02-08T19:50:14 IST" duration-ms="210" status="PASS">
          <reporter-output>
          </reporter-output>
        </test-method> <!-- Test1 -->
      </class> <!-- com.qa.tests.TestClassAA -->
    </test> <!-- Default test -->
  </suite> <!-- Default suite -->
</testng-results>
