<?xml version="1.0" encoding="UTF-8"?>
<!-- Generated by org.testng.reporters.JUnitXMLReporter -->
<testsuite ignored="1" hostname="LAPTOP-FB3E7NT5" failures="0" tests="2" name="Test Two" time="0.007" errors="0" timestamp="2022-06-22T13:28:07 IST">
  <testcase classname="functionalTests.Class2" name="testX" time="0.002"/>
  <testcase classname="functionalTests.Class2" name="testZ" time="0.002"/>
  <testcase classname="functionalTests.Class2" name="testY" time="0.0">
    <ignored/>
  </testcase> <!-- testY -->
</testsuite> <!-- Test Two -->
